[23-Jul-2024 15:57:07 UTC] PHP Deprecated:  ltrim(): Passing null to parameter #1 ($string) of type string is deprecated in /home/u609307915/domains/midnightblue-beaver-232018.hostingersite.com/public_html/wp-includes/formatting.php on line 4482
[23-Jul-2024 15:57:31 UTC] PHP Warning:  Undefined array key "source_project_id" in /home/u609307915/domains/midnightblue-beaver-232018.hostingersite.com/public_html/wp-content/plugins/pinegrow/public/class-pinegrow-plugin-public.php on line 1963
[23-Jul-2024 15:57:31 UTC] PHP Warning:  Undefined array key "non_optional_templates" in /home/u609307915/domains/midnightblue-beaver-232018.hostingersite.com/public_html/wp-content/plugins/pinegrow/public/class-pinegrow-plugin-public.php on line 1969
[23-Jul-2024 15:57:42 UTC] PHP Warning:  mail(/home/u609307915/.logs/mail.log): Failed to open stream: No such file or directory in /home/u609307915/domains/midnightblue-beaver-232018.hostingersite.com/public_html/wp-content/themes/jupiter-and-the-giraffe/inc/custom.php on line 31
[23-Jul-2024 15:59:38 UTC] PHP Warning:  mail(/home/u609307915/.logs/mail.log): Failed to open stream: No such file or directory in /home/u609307915/domains/midnightblue-beaver-232018.hostingersite.com/public_html/wp-content/themes/jupiter-and-the-giraffe/inc/custom.php on line 31
[23-Jul-2024 15:59:40 UTC] PHP Deprecated:  ltrim(): Passing null to parameter #1 ($string) of type string is deprecated in /home/u609307915/domains/midnightblue-beaver-232018.hostingersite.com/public_html/wp-includes/formatting.php on line 4482
[23-Jul-2024 15:59:47 UTC] PHP Warning:  mail(/home/u609307915/.logs/mail.log): Failed to open stream: No such file or directory in /home/u609307915/domains/midnightblue-beaver-232018.hostingersite.com/public_html/wp-content/themes/jupiter-and-the-giraffe/inc/custom.php on line 31
[23-Jul-2024 16:00:28 UTC] PHP Warning:  Undefined array key "source_project_id" in /home/u609307915/domains/midnightblue-beaver-232018.hostingersite.com/public_html/wp-content/plugins/pinegrow/public/class-pinegrow-plugin-public.php on line 1963
[23-Jul-2024 16:00:28 UTC] PHP Warning:  Undefined array key "non_optional_templates" in /home/u609307915/domains/midnightblue-beaver-232018.hostingersite.com/public_html/wp-content/plugins/pinegrow/public/class-pinegrow-plugin-public.php on line 1969
[23-Jul-2024 16:00:42 UTC] PHP Deprecated:  ltrim(): Passing null to parameter #1 ($string) of type string is deprecated in /home/u609307915/domains/midnightblue-beaver-232018.hostingersite.com/public_html/wp-includes/formatting.php on line 4482
[23-Jul-2024 16:00:48 UTC] PHP Warning:  mail(/home/u609307915/.logs/mail.log): Failed to open stream: No such file or directory in /home/u609307915/domains/midnightblue-beaver-232018.hostingersite.com/public_html/wp-content/themes/jupiter-and-the-giraffe/inc/custom.php on line 31
[23-Jul-2024 16:03:29 UTC] PHP Deprecated:  ltrim(): Passing null to parameter #1 ($string) of type string is deprecated in /home/u609307915/domains/midnightblue-beaver-232018.hostingersite.com/public_html/wp-includes/formatting.php on line 4482
[23-Jul-2024 16:03:36 UTC] PHP Warning:  mail(/home/u609307915/.logs/mail.log): Failed to open stream: No such file or directory in /home/u609307915/domains/midnightblue-beaver-232018.hostingersite.com/public_html/wp-content/themes/jupiter-and-the-giraffe/inc/custom.php on line 31
[23-Jul-2024 16:07:10 UTC] PHP Warning:  Undefined array key "source_project_id" in /home/u609307915/domains/midnightblue-beaver-232018.hostingersite.com/public_html/wp-content/plugins/pinegrow/public/class-pinegrow-plugin-public.php on line 1963
[23-Jul-2024 16:07:10 UTC] PHP Warning:  Undefined array key "non_optional_templates" in /home/u609307915/domains/midnightblue-beaver-232018.hostingersite.com/public_html/wp-content/plugins/pinegrow/public/class-pinegrow-plugin-public.php on line 1969
[23-Jul-2024 16:10:11 UTC] PHP Warning:  Undefined array key "source_project_id" in /home/u609307915/domains/midnightblue-beaver-232018.hostingersite.com/public_html/wp-content/plugins/pinegrow/public/class-pinegrow-plugin-public.php on line 1963
[23-Jul-2024 16:10:11 UTC] PHP Warning:  Undefined array key "non_optional_templates" in /home/u609307915/domains/midnightblue-beaver-232018.hostingersite.com/public_html/wp-content/plugins/pinegrow/public/class-pinegrow-plugin-public.php on line 1969
[23-Jul-2024 16:10:26 UTC] PHP Warning:  Undefined array key "source_project_id" in /home/u609307915/domains/midnightblue-beaver-232018.hostingersite.com/public_html/wp-content/plugins/pinegrow/public/class-pinegrow-plugin-public.php on line 1963
[23-Jul-2024 16:10:26 UTC] PHP Warning:  Undefined array key "non_optional_templates" in /home/u609307915/domains/midnightblue-beaver-232018.hostingersite.com/public_html/wp-content/plugins/pinegrow/public/class-pinegrow-plugin-public.php on line 1969
[23-Jul-2024 16:11:24 UTC] PHP Warning:  Undefined array key "source_project_id" in /home/u609307915/domains/midnightblue-beaver-232018.hostingersite.com/public_html/wp-content/plugins/pinegrow/public/class-pinegrow-plugin-public.php on line 1963
[23-Jul-2024 16:11:24 UTC] PHP Warning:  Undefined array key "non_optional_templates" in /home/u609307915/domains/midnightblue-beaver-232018.hostingersite.com/public_html/wp-content/plugins/pinegrow/public/class-pinegrow-plugin-public.php on line 1969
[23-Jul-2024 16:11:32 UTC] PHP Warning:  Undefined array key "source_project_id" in /home/u609307915/domains/midnightblue-beaver-232018.hostingersite.com/public_html/wp-content/plugins/pinegrow/public/class-pinegrow-plugin-public.php on line 1963
[23-Jul-2024 16:11:32 UTC] PHP Warning:  Undefined array key "non_optional_templates" in /home/u609307915/domains/midnightblue-beaver-232018.hostingersite.com/public_html/wp-content/plugins/pinegrow/public/class-pinegrow-plugin-public.php on line 1969
[09-Mar-2025 16:22:54 UTC] PHP Warning:  Undefined array key "source_project_id" in /home/u609307915/domains/jupiterandthegiraffe.com/public_html/wp-content/plugins/pinegrow/public/class-pinegrow-plugin-public.php on line 1994
[09-Mar-2025 16:22:54 UTC] PHP Warning:  Undefined array key "non_optional_templates" in /home/u609307915/domains/jupiterandthegiraffe.com/public_html/wp-content/plugins/pinegrow/public/class-pinegrow-plugin-public.php on line 2000
[09-Mar-2025 16:23:03 UTC] PHP Warning:  Undefined array key "source_project_id" in /home/u609307915/domains/jupiterandthegiraffe.com/public_html/wp-content/plugins/pinegrow/public/class-pinegrow-plugin-public.php on line 1994
[09-Mar-2025 16:23:03 UTC] PHP Warning:  Undefined array key "non_optional_templates" in /home/u609307915/domains/jupiterandthegiraffe.com/public_html/wp-content/plugins/pinegrow/public/class-pinegrow-plugin-public.php on line 2000
[09-Mar-2025 16:23:59 UTC] PHP Warning:  Undefined array key "source_project_id" in /home/u609307915/domains/jupiterandthegiraffe.com/public_html/wp-content/plugins/pinegrow/public/class-pinegrow-plugin-public.php on line 1994
[09-Mar-2025 16:23:59 UTC] PHP Warning:  Undefined array key "non_optional_templates" in /home/u609307915/domains/jupiterandthegiraffe.com/public_html/wp-content/plugins/pinegrow/public/class-pinegrow-plugin-public.php on line 2000
[09-Mar-2025 16:24:53 UTC] PHP Warning:  Undefined array key "source_project_id" in /home/u609307915/domains/jupiterandthegiraffe.com/public_html/wp-content/plugins/pinegrow/public/class-pinegrow-plugin-public.php on line 1994
[09-Mar-2025 16:24:53 UTC] PHP Warning:  Undefined array key "non_optional_templates" in /home/u609307915/domains/jupiterandthegiraffe.com/public_html/wp-content/plugins/pinegrow/public/class-pinegrow-plugin-public.php on line 2000
[09-Mar-2025 16:35:59 UTC] PHP Warning:  require_once(/home/u609307915/domains/jupiterandthegiraffe.com/public_html/wp-content/themes/jupiter-and-the-giraffe/inc/wp_pg_helpers.php): Failed to open stream: No such file or directory in /home/u609307915/domains/jupiterandthegiraffe.com/public_html/wp-content/themes/jupiter-and-the-giraffe/functions.php on line 972
[09-Mar-2025 16:35:59 UTC] PHP Fatal error:  Uncaught Error: Failed opening required '/home/u609307915/domains/jupiterandthegiraffe.com/public_html/wp-content/themes/jupiter-and-the-giraffe/inc/wp_pg_helpers.php' (include_path='.:/opt/alt/php81/usr/share/pear:/opt/alt/php81/usr/share/php:/usr/share/pear:/usr/share/php') in /home/u609307915/domains/jupiterandthegiraffe.com/public_html/wp-content/themes/jupiter-and-the-giraffe/functions.php:972
Stack trace:
#0 /home/u609307915/domains/jupiterandthegiraffe.com/public_html/wp-settings.php(672): include()
#1 /home/u609307915/domains/jupiterandthegiraffe.com/public_html/wp-config.php(107): require_once('/home/u60930791...')
#2 /home/u609307915/domains/jupiterandthegiraffe.com/public_html/wp-load.php(50): require_once('/home/u60930791...')
#3 /home/u609307915/domains/jupiterandthegiraffe.com/public_html/wp-blog-header.php(13): require_once('/home/u60930791...')
#4 /home/u609307915/domains/jupiterandthegiraffe.com/public_html/index.php(17): require('/home/u60930791...')
#5 {main}
  thrown in /home/u609307915/domains/jupiterandthegiraffe.com/public_html/wp-content/themes/jupiter-and-the-giraffe/functions.php on line 972
[09-Mar-2025 16:36:07 UTC] PHP Warning:  require_once(inc/wp_pg_helpers.php): Failed to open stream: No such file or directory in /home/u609307915/domains/jupiterandthegiraffe.com/public_html/wp-content/themes/jupiter-and-the-giraffe/functions.php on line 972
[09-Mar-2025 16:36:07 UTC] PHP Fatal error:  Uncaught Error: Failed opening required 'inc/wp_pg_helpers.php' (include_path='.:/opt/alt/php81/usr/share/pear:/opt/alt/php81/usr/share/php:/usr/share/pear:/usr/share/php') in /home/u609307915/domains/jupiterandthegiraffe.com/public_html/wp-content/themes/jupiter-and-the-giraffe/functions.php:972
Stack trace:
#0 /home/u609307915/domains/jupiterandthegiraffe.com/public_html/wp-settings.php(672): include()
#1 /home/u609307915/domains/jupiterandthegiraffe.com/public_html/wp-config.php(107): require_once('/home/u60930791...')
#2 /home/u609307915/domains/jupiterandthegiraffe.com/public_html/wp-load.php(50): require_once('/home/u60930791...')
#3 /home/u609307915/domains/jupiterandthegiraffe.com/public_html/wp-blog-header.php(13): require_once('/home/u60930791...')
#4 /home/u609307915/domains/jupiterandthegiraffe.com/public_html/index.php(17): require('/home/u60930791...')
#5 {main}
  thrown in /home/u609307915/domains/jupiterandthegiraffe.com/public_html/wp-content/themes/jupiter-and-the-giraffe/functions.php on line 972
[09-Mar-2025 16:36:09 UTC] PHP Warning:  require_once(inc/wp_pg_helpers.php): Failed to open stream: No such file or directory in /home/u609307915/domains/jupiterandthegiraffe.com/public_html/wp-content/themes/jupiter-and-the-giraffe/functions.php on line 972
[09-Mar-2025 16:36:09 UTC] PHP Fatal error:  Uncaught Error: Failed opening required 'inc/wp_pg_helpers.php' (include_path='.:/opt/alt/php81/usr/share/pear:/opt/alt/php81/usr/share/php:/usr/share/pear:/usr/share/php') in /home/u609307915/domains/jupiterandthegiraffe.com/public_html/wp-content/themes/jupiter-and-the-giraffe/functions.php:972
Stack trace:
#0 /home/u609307915/domains/jupiterandthegiraffe.com/public_html/wp-settings.php(672): include()
#1 /home/u609307915/domains/jupiterandthegiraffe.com/public_html/wp-config.php(107): require_once('/home/u60930791...')
#2 /home/u609307915/domains/jupiterandthegiraffe.com/public_html/wp-load.php(50): require_once('/home/u60930791...')
#3 /home/u609307915/domains/jupiterandthegiraffe.com/public_html/wp-blog-header.php(13): require_once('/home/u60930791...')
#4 /home/u609307915/domains/jupiterandthegiraffe.com/public_html/index.php(17): require('/home/u60930791...')
#5 {main}
  thrown in /home/u609307915/domains/jupiterandthegiraffe.com/public_html/wp-content/themes/jupiter-and-the-giraffe/functions.php on line 972
[09-Mar-2025 16:49:46 UTC] PHP Deprecated:  ltrim(): Passing null to parameter #1 ($string) of type string is deprecated in /home/u609307915/domains/jupiterandthegiraffe.com/public_html/wp-includes/formatting.php on line 4467
[09-Mar-2025 16:49:46 UTC] PHP Deprecated:  ltrim(): Passing null to parameter #1 ($string) of type string is deprecated in /home/u609307915/domains/jupiterandthegiraffe.com/public_html/wp-includes/formatting.php on line 4467
[09-Mar-2025 16:49:46 UTC] PHP Deprecated:  ltrim(): Passing null to parameter #1 ($string) of type string is deprecated in /home/u609307915/domains/jupiterandthegiraffe.com/public_html/wp-includes/formatting.php on line 4467
[09-Mar-2025 16:49:46 UTC] PHP Deprecated:  ltrim(): Passing null to parameter #1 ($string) of type string is deprecated in /home/u609307915/domains/jupiterandthegiraffe.com/public_html/wp-includes/formatting.php on line 4467
[09-Mar-2025 16:49:46 UTC] PHP Deprecated:  ltrim(): Passing null to parameter #1 ($string) of type string is deprecated in /home/u609307915/domains/jupiterandthegiraffe.com/public_html/wp-includes/formatting.php on line 4467
[09-Mar-2025 16:49:46 UTC] PHP Deprecated:  ltrim(): Passing null to parameter #1 ($string) of type string is deprecated in /home/u609307915/domains/jupiterandthegiraffe.com/public_html/wp-includes/formatting.php on line 4467
[09-Mar-2025 16:49:46 UTC] PHP Deprecated:  ltrim(): Passing null to parameter #1 ($string) of type string is deprecated in /home/u609307915/domains/jupiterandthegiraffe.com/public_html/wp-includes/formatting.php on line 4467
[09-Mar-2025 16:49:46 UTC] PHP Deprecated:  ltrim(): Passing null to parameter #1 ($string) of type string is deprecated in /home/u609307915/domains/jupiterandthegiraffe.com/public_html/wp-includes/formatting.php on line 4467
[09-Mar-2025 16:49:46 UTC] PHP Deprecated:  ltrim(): Passing null to parameter #1 ($string) of type string is deprecated in /home/u609307915/domains/jupiterandthegiraffe.com/public_html/wp-includes/formatting.php on line 4467
[09-Mar-2025 16:49:46 UTC] PHP Deprecated:  ltrim(): Passing null to parameter #1 ($string) of type string is deprecated in /home/u609307915/domains/jupiterandthegiraffe.com/public_html/wp-includes/formatting.php on line 4467
[09-Mar-2025 17:45:46 UTC] PHP Deprecated:  ltrim(): Passing null to parameter #1 ($string) of type string is deprecated in /home/u609307915/domains/jupiterandthegiraffe.com/public_html/wp-includes/formatting.php on line 4467
[09-Mar-2025 17:45:46 UTC] PHP Deprecated:  ltrim(): Passing null to parameter #1 ($string) of type string is deprecated in /home/u609307915/domains/jupiterandthegiraffe.com/public_html/wp-includes/formatting.php on line 4467
[09-Mar-2025 17:45:46 UTC] PHP Deprecated:  ltrim(): Passing null to parameter #1 ($string) of type string is deprecated in /home/u609307915/domains/jupiterandthegiraffe.com/public_html/wp-includes/formatting.php on line 4467
[09-Mar-2025 17:45:46 UTC] PHP Deprecated:  ltrim(): Passing null to parameter #1 ($string) of type string is deprecated in /home/u609307915/domains/jupiterandthegiraffe.com/public_html/wp-includes/formatting.php on line 4467
[09-Mar-2025 17:45:46 UTC] PHP Deprecated:  ltrim(): Passing null to parameter #1 ($string) of type string is deprecated in /home/u609307915/domains/jupiterandthegiraffe.com/public_html/wp-includes/formatting.php on line 4467
[09-Mar-2025 17:45:46 UTC] PHP Deprecated:  ltrim(): Passing null to parameter #1 ($string) of type string is deprecated in /home/u609307915/domains/jupiterandthegiraffe.com/public_html/wp-includes/formatting.php on line 4467
[09-Mar-2025 17:45:46 UTC] PHP Deprecated:  ltrim(): Passing null to parameter #1 ($string) of type string is deprecated in /home/u609307915/domains/jupiterandthegiraffe.com/public_html/wp-includes/formatting.php on line 4467
[09-Mar-2025 17:45:46 UTC] PHP Deprecated:  ltrim(): Passing null to parameter #1 ($string) of type string is deprecated in /home/u609307915/domains/jupiterandthegiraffe.com/public_html/wp-includes/formatting.php on line 4467
[09-Mar-2025 17:45:46 UTC] PHP Deprecated:  ltrim(): Passing null to parameter #1 ($string) of type string is deprecated in /home/u609307915/domains/jupiterandthegiraffe.com/public_html/wp-includes/formatting.php on line 4467
[09-Mar-2025 17:45:46 UTC] PHP Deprecated:  ltrim(): Passing null to parameter #1 ($string) of type string is deprecated in /home/u609307915/domains/jupiterandthegiraffe.com/public_html/wp-includes/formatting.php on line 4467
[09-Mar-2025 23:49:23 UTC] PHP Notice:  Only variables should be passed by reference in /home/u609307915/domains/jupiterandthegiraffe.com/public_html/wp-content/themes/jupiter-and-the-giraffe/functions.php on line 983
[10-Mar-2025 02:35:13 UTC] Automatic updates starting...
[10-Mar-2025 02:35:14 UTC] Automatic updates complete.
